TN:Test_report
SF:/home/sirazhudin_ubuntu/projects_s21/C7_BrickGame_v1.0.ID_1449897-1/src/brick_game/tetris/erase_figure_in_field_back.c
FN:3,12,erase_figure_in_field_back
FNDA:1,erase_figure_in_field_back
FNF:1
FNH:1
DA:3,1
DA:5,1
DA:6,1
DA:7,5
DA:8,20
DA:9,16
DA:12,1
LF:7
LH:7
end_of_record
TN:Test_report
SF:/home/sirazhudin_ubuntu/projects_s21/C7_BrickGame_v1.0.ID_1449897-1/src/brick_game/tetris/is_four_row_full.c
FN:3,18,is_four_row_full
FNDA:2,is_four_row_full
FNF:1
FNH:1
DA:3,2
DA:4,2
DA:5,2
DA:7,10
DA:8,8
DA:9,88
DA:10,80
DA:12,8
DA:13,1
DA:14,1
DA:17,2
LF:11
LH:11
end_of_record
TN:Test_report
SF:/home/sirazhudin_ubuntu/projects_s21/C7_BrickGame_v1.0.ID_1449897-1/src/brick_game/tetris/is_neighbors_below.c
FN:3,19,is_neighbors_below
FNDA:1,is_neighbors_below
FNF:1
FNH:1
DA:3,1
DA:5,1
DA:6,1
DA:7,1
DA:8,5
DA:9,20
DA:10,16
DA:11,4
DA:12,0
DA:13,4
DA:14,0
DA:18,1
LF:12
LH:10
end_of_record
TN:Test_report
SF:/home/sirazhudin_ubuntu/projects_s21/C7_BrickGame_v1.0.ID_1449897-1/src/brick_game/tetris/is_neighbors_left.c
FN:3,19,is_neighbors_left
FNDA:1,is_neighbors_left
FNF:1
FNH:1
DA:3,1
DA:5,1
DA:6,1
DA:7,1
DA:8,5
DA:9,20
DA:10,16
DA:11,4
DA:12,0
DA:13,4
DA:14,0
DA:18,1
LF:12
LH:10
end_of_record
TN:Test_report
SF:/home/sirazhudin_ubuntu/projects_s21/C7_BrickGame_v1.0.ID_1449897-1/src/brick_game/tetris/is_neighbors_right.c
FN:3,19,is_neighbors_right
FNDA:1,is_neighbors_right
FNF:1
FNH:1
DA:3,1
DA:5,1
DA:6,1
DA:7,1
DA:8,5
DA:9,20
DA:10,16
DA:11,4
DA:12,0
DA:13,4
DA:14,0
DA:18,1
LF:12
LH:10
end_of_record
TN:Test_report
SF:/home/sirazhudin_ubuntu/projects_s21/C7_BrickGame_v1.0.ID_1449897-1/src/brick_game/tetris/rotate.c
FN:29,43,rotate
FN:45,51,is_row_empty
FN:53,59,is_column_empty
FN:61,68,move_figure_below
FN:70,77,move_figure_left
FN:8,27,is_rotation_possible
FNDA:4,rotate
FNDA:7,is_row_empty
FNDA:17,is_column_empty
FNDA:3,move_figure_below
FNDA:9,move_figure_left
FNDA:1,is_rotation_possible
FNF:6
FNH:6
DA:8,1
DA:10,1
DA:12,5
DA:13,20
DA:15,1
DA:16,1
DA:17,4
DA:18,1
DA:19,1
DA:20,5
DA:21,20
DA:22,16
DA:23,0
DA:26,1
DA:29,4
DA:31,20
DA:32,80
DA:33,64
DA:36,20
DA:37,80
DA:38,64
DA:41,7
DA:42,13
DA:43,4
DA:45,7
DA:46,7
DA:47,35
DA:48,28
DA:50,7
DA:53,17
DA:54,17
DA:55,85
DA:56,68
DA:58,17
DA:61,3
DA:62,12
DA:63,45
DA:64,36
DA:67,15
DA:68,3
DA:70,9
DA:71,36
DA:72,135
DA:73,108
DA:76,45
DA:77,9
LF:46
LH:45
end_of_record
TN:Test_report
SF:/home/sirazhudin_ubuntu/projects_s21/C7_BrickGame_v1.0.ID_1449897-1/src/brick_game/tetris/set_field_back_after_full_row.c
FN:3,9,set_field_back_after_full_row
FNDA:1,set_field_back_after_full_row
FNF:1
FNH:1
DA:3,1
DA:4,15
DA:5,154
DA:6,140
DA:9,1
LF:5
LH:5
end_of_record
TN:Test_report
SF:/home/sirazhudin_ubuntu/projects_s21/C7_BrickGame_v1.0.ID_1449897-1/src/brick_game/tetris/set_figure.c
FN:3,51,set_figure
FNDA:7,set_figure
FNF:1
FNH:1
DA:3,7
DA:4,35
DA:5,140
DA:7,7
DA:8,1
DA:9,1
DA:10,1
DA:11,1
DA:12,1
DA:13,1
DA:14,1
DA:15,1
DA:16,1
DA:17,1
DA:18,1
DA:19,1
DA:20,1
DA:21,1
DA:22,1
DA:23,1
DA:24,1
DA:25,1
DA:26,1
DA:27,1
DA:28,1
DA:29,1
DA:30,1
DA:31,1
DA:32,1
DA:33,1
DA:34,1
DA:35,1
DA:36,1
DA:37,1
DA:38,1
DA:39,1
DA:40,1
DA:41,1
DA:42,1
DA:43,1
DA:44,1
DA:45,1
DA:46,1
DA:47,1
DA:48,1
DA:49,1
DA:51,7
LF:47
LH:47
end_of_record
TN:Test_report
SF:/home/sirazhudin_ubuntu/projects_s21/C7_BrickGame_v1.0.ID_1449897-1/src/brick_game/tetris/set_figure_in_field_back.c
FN:3,12,set_figure_in_field_back
FNDA:1,set_figure_in_field_back
FNF:1
FNH:1
DA:3,1
DA:5,1
DA:6,5
DA:7,20
DA:8,16
DA:9,4
DA:12,1
LF:7
LH:7
end_of_record
